
DevTools listening on ws://127.0.0.1:9222/devtools/browser/36d9b3ec-fa65-4c71-9ff3-753c35e4b797
Created TensorFlow Lite XNNPACK delegate for CPU.
MESA-LOADER: failed to open dri: /usr/lib/x86_64-linux-gnu/gbm/dri_gbm.so: cannot open shared object file: Permission denied (search paths /usr/lib/x86_64-linux-gnu/gbm, suffix _gbm)
[72209:72209:0419/170120.722944:ERROR:chrome/browser/ui/webui/ntp/new_tab_ui.cc:53] Requested load of chrome://newtab/ for incorrect profile type.
[72209:72209:0419/170120.980198:ERROR:chrome/browser/ui/webui/ntp/new_tab_ui.cc:53] Requested load of chrome://newtab/ for incorrect profile type.
[72209:72209:0419/170121.118016:ERROR:chrome/browser/ui/webui/ntp/new_tab_ui.cc:53] Requested load of chrome://newtab/ for incorrect profile type.
[72209:72239:0419/170121.321814:ERROR:google_apis/gcm/engine/registration_request.cc:291] Registration response error message: DEPRECATED_ENDPOINT
[72209:72209:0419/170122.913952:ERROR:chrome/browser/ui/webui/ntp/new_tab_ui.cc:53] Requested load of chrome://newtab/ for incorrect profile type.
[72209:72209:0419/170123.028599:ERROR:chrome/browser/ui/webui/ntp/new_tab_ui.cc:53] Requested load of chrome://newtab/ for incorrect profile type.
[72209:72209:0419/170123.287641:ERROR:chrome/browser/ui/webui/ntp/new_tab_ui.cc:53] Requested load of chrome://newtab/ for incorrect profile type.
MESA-LOADER: failed to open dri: /usr/lib/x86_64-linux-gnu/gbm/dri_gbm.so: cannot open shared object file: Permission denied (search paths /usr/lib/x86_64-linux-gnu/gbm, suffix _gbm)

DevTools listening on ws://127.0.0.1:9222/devtools/browser/af7f09b2-ac57-4eae-9428-c2f68ab316e9
[72468:72500:0419/170139.473356:ERROR:google_apis/gcm/engine/registration_request.cc:291] Registration response error message: PHONE_REGISTRATION_ERROR
[72468:72500:0419/170139.481005:ERROR:google_apis/gcm/engine/registration_request.cc:291] Registration response error message: PHONE_REGISTRATION_ERROR
[72468:72500:0419/170139.519566:ERROR:google_apis/gcm/engine/registration_request.cc:291] Registration response error message: PHONE_REGISTRATION_ERROR
[72468:72500:0419/170139.558697:ERROR:google_apis/gcm/engine/mcs_client.cc:700]   Error code: 401  Error message: Authentication Failed: wrong_secret
[72468:72500:0419/170139.558709:ERROR:google_apis/gcm/engine/mcs_client.cc:702] Failed to log in to GCM, resetting connection.
[72468:72468:0419/170142.264537:ERROR:content/public/browser/web_contents_delegate.cc:309] WebContentsDelegate::CheckMediaAccessPermission: Not supported.
[72468:72468:0419/170142.264592:ERROR:content/public/browser/web_contents_delegate.cc:309] WebContentsDelegate::CheckMediaAccessPermission: Not supported.
[72468:72468:0419/170142.414227:ERROR:content/public/browser/web_contents_delegate.cc:309] WebContentsDelegate::CheckMediaAccessPermission: Not supported.
[72468:72468:0419/170142.414281:ERROR:content/public/browser/web_contents_delegate.cc:309] WebContentsDelegate::CheckMediaAccessPermission: Not supported.
[72468:72468:0419/170144.652557:ERROR:chrome/browser/ui/webui/ntp/new_tab_ui.cc:53] Requested load of chrome://newtab/ for incorrect profile type.

DevTools listening on ws://127.0.0.1:9222/devtools/browser/ee5fce51-0aaf-41fa-a040-049a21abd181
MESA-LOADER: failed to open dri: /usr/lib/x86_64-linux-gnu/gbm/dri_gbm.so: cannot open shared object file: Permission denied (search paths /usr/lib/x86_64-linux-gnu/gbm, suffix _gbm)
[72850:72881:0419/170152.588338:ERROR:google_apis/gcm/engine/registration_request.cc:291] Registration response error message: DEPRECATED_ENDPOINT
[72850:72881:0419/170152.678210:ERROR:google_apis/gcm/engine/registration_request.cc:291] Registration response error message: PHONE_REGISTRATION_ERROR

DevTools listening on ws://127.0.0.1:9222/devtools/browser/04c92a38-878e-4183-95fb-fa97dcd9989f
MESA-LOADER: failed to open dri: /usr/lib/x86_64-linux-gnu/gbm/dri_gbm.so: cannot open shared object file: Permission denied (search paths /usr/lib/x86_64-linux-gnu/gbm, suffix _gbm)

DevTools listening on ws://127.0.0.1:9222/devtools/browser/6578ab4c-1f45-4d7d-babe-65cb78922af6
MESA-LOADER: failed to open dri: /usr/lib/x86_64-linux-gnu/gbm/dri_gbm.so: cannot open shared object file: Permission denied (search paths /usr/lib/x86_64-linux-gnu/gbm, suffix _gbm)
[73643:73674:0419/170215.716669:ERROR:google_apis/gcm/engine/registration_request.cc:291] Registration response error message: PHONE_REGISTRATION_ERROR
[73643:73674:0419/170215.740115:ERROR:google_apis/gcm/engine/registration_request.cc:291] Registration response error message: PHONE_REGISTRATION_ERROR
[73643:73674:0419/170215.747428:ERROR:google_apis/gcm/engine/registration_request.cc:291] Registration response error message: PHONE_REGISTRATION_ERROR

DevTools listening on ws://127.0.0.1:9222/devtools/browser/e03891f7-80aa-483a-87b3-56fd922d70e9
MESA-LOADER: failed to open dri: /usr/lib/x86_64-linux-gnu/gbm/dri_gbm.so: cannot open shared object file: Permission denied (search paths /usr/lib/x86_64-linux-gnu/gbm, suffix _gbm)

DevTools listening on ws://127.0.0.1:9222/devtools/browser/c6a4ea0e-c385-4591-9278-0a2ba7068513
MESA-LOADER: failed to open dri: /usr/lib/x86_64-linux-gnu/gbm/dri_gbm.so: cannot open shared object file: Permission denied (search paths /usr/lib/x86_64-linux-gnu/gbm, suffix _gbm)

DevTools listening on ws://127.0.0.1:9222/devtools/browser/03a9c7a9-fb2e-4a94-8631-26f6067e4cce
MESA-LOADER: failed to open dri: /usr/lib/x86_64-linux-gnu/gbm/dri_gbm.so: cannot open shared object file: Permission denied (search paths /usr/lib/x86_64-linux-gnu/gbm, suffix _gbm)
[74578:74610:0419/170259.080464:ERROR:google_apis/gcm/engine/registration_request.cc:291] Registration response error message: PHONE_REGISTRATION_ERROR
[74578:74610:0419/170259.091062:ERROR:google_apis/gcm/engine/registration_request.cc:291] Registration response error message: PHONE_REGISTRATION_ERROR
[74578:74578:0419/170303.102917:ERROR:chrome/browser/ui/webui/ntp/new_tab_ui.cc:53] Requested load of chrome://newtab/ for incorrect profile type.

DevTools listening on ws://127.0.0.1:9222/devtools/browser/5293f4d5-62d2-4bf0-8fdb-5f702edcc0e9
[74912:74912:0419/170305.311334:ERROR:extensions/browser/service_worker/service_worker_task_queue.cc:1004] Failed to unregister service worker for extension id: ghbmnnjooekpmoecnnnilnnbdlolhkhi error status was: 5
[74912:74943:0419/170305.325017:ERROR:chrome/browser/extensions/api/storage/managed_value_store_cache.cc:206] Failed to parse schema for extension ghbmnnjooekpmoecnnnilnnbdlolhkhi with error: File does not exist: /home/thiago/r/github/bp/user-data/Default/Extensions/ghbmnnjooekpmoecnnnilnnbdlolhkhi/1.104.1_0/dasherSettingSchema.json
MESA-LOADER: failed to open dri: /usr/lib/x86_64-linux-gnu/gbm/dri_gbm.so: cannot open shared object file: Permission denied (search paths /usr/lib/x86_64-linux-gnu/gbm, suffix _gbm)
[74912:74944:0419/170305.703470:ERROR:extensions/browser/content_verifier/content_verify_job.cc:494] Content verify job failed for extension: ghbmnnjooekpmoecnnnilnnbdlolhkhi at path: service_worker_bin_prod.js and for reason:2
[74912:74944:0419/170312.132123:ERROR:google_apis/gcm/engine/registration_request.cc:291] Registration response error message: PHONE_REGISTRATION_ERROR
[74912:74944:0419/170312.135344:ERROR:google_apis/gcm/engine/registration_request.cc:291] Registration response error message: PHONE_REGISTRATION_ERROR
[74912:74944:0419/170312.146921:ERROR:google_apis/gcm/engine/registration_request.cc:291] Registration response error message: PHONE_REGISTRATION_ERROR
[74912:74944:0419/170312.252614:ERROR:google_apis/gcm/engine/mcs_client.cc:700]   Error code: 401  Error message: Authentication Failed: wrong_secret
[74912:74944:0419/170312.252628:ERROR:google_apis/gcm/engine/mcs_client.cc:702] Failed to log in to GCM, resetting connection.
Created TensorFlow Lite XNNPACK delegate for CPU.
[74912:74944:0419/170335.087622:ERROR:google_apis/gcm/engine/registration_request.cc:291] Registration response error message: DEPRECATED_ENDPOINT

DevTools listening on ws://127.0.0.1:9222/devtools/browser/b0406f0c-a938-436a-8c7d-100b20513ce3
MESA-LOADER: failed to open dri: /usr/lib/x86_64-linux-gnu/gbm/dri_gbm.so: cannot open shared object file: Permission denied (search paths /usr/lib/x86_64-linux-gnu/gbm, suffix _gbm)
[75387:75419:0419/170344.266560:ERROR:google_apis/gcm/engine/registration_request.cc:291] Registration response error message: DEPRECATED_ENDPOINT
[75387:75432:0419/170348.819166:ERROR:net/disk_cache/blockfile/backend_impl.cc:771] Unable to create file: -4
[75387:75432:0419/170348.819181:ERROR:net/disk_cache/blockfile/entry_impl.cc:996] Failed to save user data
[75387:75387:0419/170349.595276:ERROR:chrome/browser/ui/webui/ntp/new_tab_ui.cc:53] Requested load of chrome://newtab/ for incorrect profile type.

DevTools listening on ws://127.0.0.1:9222/devtools/browser/6319ba7c-06c2-4028-84cd-9f93c8e3d578
[75723:75723:0419/170351.185469:ERROR:extensions/browser/service_worker/service_worker_task_queue.cc:1004] Failed to unregister service worker for extension id: ghbmnnjooekpmoecnnnilnnbdlolhkhi error status was: 5
[75723:75783:0419/170351.196238:ERROR:chrome/browser/extensions/api/storage/managed_value_store_cache.cc:206] Failed to parse schema for extension ghbmnnjooekpmoecnnnilnnbdlolhkhi with error: File does not exist: /home/thiago/r/github/bp/user-data/Default/Extensions/ghbmnnjooekpmoecnnnilnnbdlolhkhi/1.104.1_0/dasherSettingSchema.json
MESA-LOADER: failed to open dri: /usr/lib/x86_64-linux-gnu/gbm/dri_gbm.so: cannot open shared object file: Permission denied (search paths /usr/lib/x86_64-linux-gnu/gbm, suffix _gbm)
[75723:75754:0419/170351.637880:ERROR:extensions/browser/content_verifier/content_verify_job.cc:494] Content verify job failed for extension: ghbmnnjooekpmoecnnnilnnbdlolhkhi at path: service_worker_bin_prod.js and for reason:2
[75723:75754:0419/170357.723791:ERROR:google_apis/gcm/engine/registration_request.cc:291] Registration response error message: DEPRECATED_ENDPOINT
[75723:75754:0419/170357.778191:ERROR:google_apis/gcm/engine/registration_request.cc:291] Registration response error message: PHONE_REGISTRATION_ERROR
Created TensorFlow Lite XNNPACK delegate for CPU.
[75723:75723:0419/170413.759509:ERROR:chrome/browser/ui/webui/ntp/new_tab_ui.cc:53] Requested load of chrome://newtab/ for incorrect profile type.

DevTools listening on ws://127.0.0.1:9222/devtools/browser/7ea4f313-c8d8-45cf-83ea-3c69944f2d90
[76067:76106:0419/170415.200276:ERROR:chrome/browser/extensions/api/storage/managed_value_store_cache.cc:206] Failed to parse schema for extension ghbmnnjooekpmoecnnnilnnbdlolhkhi with error: File does not exist: /home/thiago/r/github/bp/user-data/Default/Extensions/ghbmnnjooekpmoecnnnilnnbdlolhkhi/1.104.1_0/dasherSettingSchema.json
MESA-LOADER: failed to open dri: /usr/lib/x86_64-linux-gnu/gbm/dri_gbm.so: cannot open shared object file: Permission denied (search paths /usr/lib/x86_64-linux-gnu/gbm, suffix _gbm)
Opening in existing browser session.
[76067:76099:0419/170422.501527:ERROR:google_apis/gcm/engine/registration_request.cc:291] Registration response error message: PHONE_REGISTRATION_ERROR
[76067:76099:0419/170422.542785:ERROR:google_apis/gcm/engine/registration_request.cc:291] Registration response error message: PHONE_REGISTRATION_ERROR
[76067:76099:0419/170422.578858:ERROR:google_apis/gcm/engine/registration_request.cc:291] Registration response error message: PHONE_REGISTRATION_ERROR
[76067:76099:0419/170422.659774:ERROR:google_apis/gcm/engine/mcs_client.cc:700]   Error code: 401  Error message: Authentication Failed: wrong_secret
[76067:76099:0419/170422.659789:ERROR:google_apis/gcm/engine/mcs_client.cc:702] Failed to log in to GCM, resetting connection.
[76067:76067:0419/170422.808896:ERROR:chrome/browser/extensions/corrupted_extension_reinstaller.cc:95] Corrupted extension ghbmnnjooekpmoecnnnilnnbdlolhkhi reinstalled with latency 7.70427 s
[76067:76067:0419/170423.404140:ERROR:chrome/browser/ui/webui/ntp/new_tab_ui.cc:53] Requested load of chrome://newtab/ for incorrect profile type.
[76067:76067:0419/170423.919409:ERROR:chrome/browser/ui/webui/ntp/new_tab_ui.cc:53] Requested load of chrome://newtab/ for incorrect profile type.

DevTools listening on ws://127.0.0.1:9222/devtools/browser/89135c00-261a-41c0-8622-d4b07c569ab1
MESA-LOADER: failed to open dri: /usr/lib/x86_64-linux-gnu/gbm/dri_gbm.so: cannot open shared object file: Permission denied (search paths /usr/lib/x86_64-linux-gnu/gbm, suffix _gbm)
[76366:76397:0419/170431.326828:ERROR:google_apis/gcm/engine/registration_request.cc:291] Registration response error message: PHONE_REGISTRATION_ERROR
[76366:76397:0419/170431.332482:ERROR:google_apis/gcm/engine/registration_request.cc:291] Registration response error message: PHONE_REGISTRATION_ERROR
[76366:76397:0419/170431.350360:ERROR:google_apis/gcm/engine/registration_request.cc:291] Registration response error message: PHONE_REGISTRATION_ERROR
[76366:76410:0419/170434.902844:ERROR:net/disk_cache/blockfile/backend_impl.cc:771] Unable to create file: -4
[76366:76410:0419/170434.902864:ERROR:net/disk_cache/blockfile/entry_impl.cc:996] Failed to save user data
[76366:76410:0419/170434.972655:ERROR:net/disk_cache/blockfile/backend_impl.cc:771] Unable to create file: -4
[76366:76410:0419/170434.974492:ERROR:net/disk_cache/blockfile/entry_impl.cc:996] Failed to save user data
[76366:76366:0419/170435.504883:ERROR:chrome/browser/ui/webui/ntp/new_tab_ui.cc:53] Requested load of chrome://newtab/ for incorrect profile type.

DevTools listening on ws://127.0.0.1:9222/devtools/browser/f2a7d021-6e24-4ff7-a49c-b3d85beb181c
MESA-LOADER: failed to open dri: /usr/lib/x86_64-linux-gnu/gbm/dri_gbm.so: cannot open shared object file: Permission denied (search paths /usr/lib/x86_64-linux-gnu/gbm, suffix _gbm)

DevTools listening on ws://127.0.0.1:9222/devtools/browser/4aff1bfb-436c-4d1b-bfc4-a3ba70eacfd5
MESA-LOADER: failed to open dri: /usr/lib/x86_64-linux-gnu/gbm/dri_gbm.so: cannot open shared object file: Permission denied (search paths /usr/lib/x86_64-linux-gnu/gbm, suffix _gbm)
[77393:77424:0419/170447.815109:ERROR:google_apis/gcm/engine/registration_request.cc:291] Registration response error message: PHONE_REGISTRATION_ERROR
[77393:77424:0419/170447.842628:ERROR:google_apis/gcm/engine/registration_request.cc:291] Registration response error message: PHONE_REGISTRATION_ERROR
[77393:77424:0419/170447.842913:ERROR:google_apis/gcm/engine/registration_request.cc:291] Registration response error message: PHONE_REGISTRATION_ERROR
Created TensorFlow Lite XNNPACK delegate for CPU.
[77393:77424:0419/170513.572689:ERROR:google_apis/gcm/engine/registration_request.cc:291] Registration response error message: DEPRECATED_ENDPOINT

DevTools listening on ws://127.0.0.1:9222/devtools/browser/12ce31fc-fdde-4560-a7b4-63b8da64b7bb
MESA-LOADER: failed to open dri: /usr/lib/x86_64-linux-gnu/gbm/dri_gbm.so: cannot open shared object file: Permission denied (search paths /usr/lib/x86_64-linux-gnu/gbm, suffix _gbm)
Created TensorFlow Lite XNNPACK delegate for CPU.
[77970:78000:0419/170526.609733:ERROR:google_apis/gcm/engine/registration_request.cc:291] Registration response error message: DEPRECATED_ENDPOINT
[77970:78000:0419/170547.847089:ERROR:google_apis/gcm/engine/registration_request.cc:291] Registration response error message: DEPRECATED_ENDPOINT
[77970:78000:0419/170641.812634:ERROR:google_apis/gcm/engine/registration_request.cc:291] Registration response error message: DEPRECATED_ENDPOINT
[77970:78000:0419/170813.001224:ERROR:google_apis/gcm/engine/registration_request.cc:291] Registration response error message: DEPRECATED_ENDPOINT
Warning: maxDynamicUniformBuffersPerPipelineLayout artificially reduced from 500000 to 16 to fit dynamic offset allocation limit.
Warning: maxDynamicStorageBuffersPerPipelineLayout artificially reduced from 500000 to 16 to fit dynamic offset allocation limit.
WARNING: All log messages before absl::InitializeLog() is called are written to STDERR
I0000 00:00:1776629298.228973   78845 environment.cc:554] Selected adapter: NVIDIA GeForce GTX 1050 Ti, arch=pascal, vendor=nvidia, backend=Vulkan, adapterType=Discrete GPU
Warning: maxDynamicUniformBuffersPerPipelineLayout artificially reduced from 500000 to 16 to fit dynamic offset allocation limit.
Warning: maxDynamicStorageBuffersPerPipelineLayout artificially reduced from 500000 to 16 to fit dynamic offset allocation limit.
I0000 00:00:1776629298.775733   78871 environment.cc:554] Selected adapter: NVIDIA GeForce GTX 1050 Ti, arch=pascal, vendor=nvidia, backend=Vulkan, adapterType=Discrete GPU
[77970:78000:0419/171130.045502:ERROR:google_apis/gcm/engine/registration_request.cc:291] Registration response error message: DEPRECATED_ENDPOINT
